c:\users\jamerrf13\desktop\sabertooth\sabertooth\x64\debug\vc141.pdb
c:\users\jamerrf13\desktop\sabertooth\sabertooth\x64\debug\vc141.idb
c:\users\jamerrf13\desktop\sabertooth\sabertooth\x64\debug\main.obj
c:\users\jamerrf13\desktop\sabertooth\sabertooth\x64\debug\shader.obj
c:\users\jamerrf13\desktop\sabertooth\sabertooth\x64\debug\system.obj
c:\users\jamerrf13\desktop\sabertooth\sabertooth\x64\debug\texture.obj
c:\users\jamerrf13\desktop\sabertooth\sabertooth\x64\debug\time.obj
c:\users\jamerrf13\desktop\sabertooth\x64\debug\sabertooth.exe
c:\users\jamerrf13\desktop\sabertooth\x64\debug\sabertooth.pdb
c:\users\bcamboim\downloads\sabertooth-master\sabertooth-master\sabertooth\x64\debug\main.obj
c:\users\bcamboim\downloads\sabertooth-master\sabertooth-master\sabertooth\x64\debug\shader.obj
c:\users\bcamboim\downloads\sabertooth-master\sabertooth-master\sabertooth\x64\debug\system.obj
c:\users\bcamboim\downloads\sabertooth-master\sabertooth-master\sabertooth\x64\debug\texture.obj
c:\users\bcamboim\downloads\sabertooth-master\sabertooth-master\sabertooth\x64\debug\time.obj
c:\users\bcamboim\downloads\sabertooth-master\sabertooth-master\sabertooth\x64\debug\vc141.idb
c:\users\bcamboim\downloads\sabertooth-master\sabertooth-master\sabertooth\x64\debug\vc141.pdb
c:\users\bcamboim\downloads\sabertooth-master\sabertooth-master\x64\debug\sabertooth.pdb
c:\users\bcamboim\downloads\sabertooth-master\sabertooth-master\x64\debug\sabertooth.exe
c:\users\bcamboim\downloads\sabertooth-master\sabertooth-master\sabertooth\x64\debug\sabertooth.tlog\cl.command.1.tlog
c:\users\bcamboim\downloads\sabertooth-master\sabertooth-master\sabertooth\x64\debug\sabertooth.tlog\cl.read.1.tlog
c:\users\bcamboim\downloads\sabertooth-master\sabertooth-master\sabertooth\x64\debug\sabertooth.tlog\cl.write.1.tlog
c:\users\bcamboim\downloads\sabertooth-master\sabertooth-master\sabertooth\x64\debug\sabertooth.tlog\link.command.1.tlog
c:\users\bcamboim\downloads\sabertooth-master\sabertooth-master\sabertooth\x64\debug\sabertooth.tlog\link.read.1.tlog
c:\users\bcamboim\downloads\sabertooth-master\sabertooth-master\sabertooth\x64\debug\sabertooth.tlog\link.write.1.tlog
