  main.cpp
c:\users\bruno\documents\opengl\tileset_tilemap\sabertooth\tilemap.h(65): warning C4838: a conversão de 'int' em 'float' requer uma conversão de restrição
c:\users\bruno\documents\opengl\tileset_tilemap\sabertooth\tilemap.h(63): warning C4244: 'inicializando': conversão de 'int' para 'float', possível perda de dados
c:\users\bruno\documents\opengl\tileset_tilemap\sabertooth\tilemap.h(64): warning C4244: 'inicializando': conversão de 'int' para 'float', possível perda de dados
c:\users\bruno\documents\opengl\tileset_tilemap\sabertooth\tileset.h(5): error C2011: 'TileSet': redefinição do tipo 'class'
  c:\users\bruno\documents\opengl\tileset_tilemap\sabertooth\tileset.h(4): note: consulte a declaração de 'TileSet'
c:\users\bruno\documents\opengl\tileset_tilemap\sabertooth\main.cpp(11): warning C4005: 'EXIT_FAILURE': redefinição de macro
  c:\program files (x86)\windows kits\10\include\10.0.17763.0\ucrt\stdlib.h(49): note: consulte a definição anterior de 'EXIT_FAILURE'
c:\users\bruno\documents\opengl\tileset_tilemap\sabertooth\main.cpp(190): error C2079: 'tileSet' usa class 'TileSet' indefinido
c:\users\bruno\documents\opengl\tileset_tilemap\sabertooth\main.cpp(190): error C2440: 'inicializando': não é possível converter de 'initializer list' para 'int'
  c:\users\bruno\documents\opengl\tileset_tilemap\sabertooth\main.cpp(190): note: O inicializador contém elementos em excesso
c:\users\bruno\documents\opengl\tileset_tilemap\sabertooth\main.cpp(191): error C2664: 'TileMap::TileMap(const TileMap &)': não é possível converter um argumento 4 de 'int' em 'TileSet'
  c:\users\bruno\documents\opengl\tileset_tilemap\sabertooth\main.cpp(191): note: uso do tipo indefinido 'TileSet'
  c:\users\bruno\documents\opengl\tileset_tilemap\sabertooth\tileset.h(4): note: consulte a declaração de 'TileSet'
c:\users\bruno\documents\opengl\tileset_tilemap\sabertooth\main.cpp(203): warning C4244: '=': conversão de 'unsigned int' para 'float', possível perda de dados
c:\users\bruno\documents\opengl\tileset_tilemap\sabertooth\main.cpp(209): warning C4244: '=': conversão de 'unsigned int' para 'float', possível perda de dados
c:\users\bruno\documents\opengl\tileset_tilemap\sabertooth\main.cpp(222): warning C4244: 'inicializando': conversão de 'double' para 'float', possível perda de dados
c:\users\bruno\documents\opengl\tileset_tilemap\sabertooth\main.cpp(223): warning C4244: 'inicializando': conversão de 'double' para 'float', possível perda de dados
c:\users\bruno\documents\opengl\tileset_tilemap\sabertooth\main.cpp(231): warning C4244: 'argumento': conversão de 'float' para 'GLuint', possível perda de dados
c:\users\bruno\documents\opengl\tileset_tilemap\sabertooth\main.cpp(242): error C2440: '<function-style-cast>': não é possível converter de 'initializer list' para 'glm::vec3'
  c:\users\bruno\documents\opengl\tileset_tilemap\sabertooth\main.cpp(247): note: Nenhum construtor pôde receber o tipo de origem, ou resolução de sobrecarga de construtor foi ambígua
c:\users\bruno\documents\opengl\tileset_tilemap\sabertooth\main.cpp(240): error C2672: 'glm::translate': nenhuma função sobrecarregada correspondente encontrada
c:\users\bruno\documents\opengl\tileset_tilemap\sabertooth\main.cpp(248): error C2780: 'glm::mat<4,4,T,Q> glm::translate(const glm::mat<4,4,T,Q> &,const glm::vec<3,T,Q> &)': espera 2 argumentos - 1 fornecidos
  c:\users\bruno\documents\opengl\tileset_tilemap\external\glm\glm\gtc\matrix_transform.hpp(59): note: consulte a declaração de 'glm::translate'
c:\users\bruno\documents\opengl\tileset_tilemap\sabertooth\main.cpp(254): error C2198: 'PFNGLUNIFORM1FPROC': poucos argumentos para chamada
c:\users\bruno\documents\opengl\tileset_tilemap\sabertooth\main.cpp(256): error C2198: 'PFNGLUNIFORM1FPROC': poucos argumentos para chamada
c:\users\bruno\documents\opengl\tileset_tilemap\sabertooth\main.cpp(260): error C2065: 'y': identificador não declarado
c:\users\bruno\documents\opengl\tileset_tilemap\sabertooth\main.cpp(260): error C2198: 'PFNGLUNIFORM1FPROC': poucos argumentos para chamada
c:\users\bruno\documents\opengl\tileset_tilemap\sabertooth\main.cpp(264): error C2660: 'glBindTexture': função não recebe 1 argumentos
  c:\users\bruno\documents\opengl\tileset_tilemap\external\glew\include\gl\glew.h(853): note: consulte a declaração de 'glBindTexture'
